100
programa
ejemplo
informatica
algoritmo
zona
humedad
datos
internet
ordenador
calendario
programa
ejemplo
informatica
algoritmo
zona
humedad
datos
internet
ordenador
calendario
programa
ejemplo
informatica
algoritmo
zona
humedad
datos
internet
ordenador
calendario
programa
ejemplo
informatica
algoritmo
zona
humedad
datos
internet
ordenador
calendario
programa
ejemplo
informatica
algoritmo
zona
humedad
datos
internet
ordenador
calendario
programa
ejemplo
informatica
algoritmo
zona
humedad
datos
internet
ordenador
calendario
programa
ejemplo
informatica
algoritmo
zona
humedad
datos
internet
ordenador
calendario
programa
ejemplo
informatica
algoritmo
zona
humedad
datos
internet
ordenador
calendario
programa
ejemplo
informatica
algoritmo
zona
humedad
datos
internet
ordenador
calendario
programa
ejemplo
informatica
algoritmo
zona
humedad
datos
internet
ordenador
calendario
